nil
nil
nil
"/media/yong2/nvme1/intelligent-embedded-systems/ros/euslisp-release/lisp"
t
nil
nil
nil
t
nil
#<package #X5598f26208 LISP>
nil
#<package #X5599048240 GL>
#<package #X5599048240 GL>
"/media/yong2/nvme1/intelligent-embedded-systems/ros/euslisp-release/lisp/opengl/src"
"../../../LinuxARM/obj/"
nil
"toiv.l"
nil
#<package #X5598f26208 LISP>
"euscomp finished."
"euscomp finished."
t
"/media/yong2/nvme1/intelligent-embedded-systems/ros/euslisp-release/lisp"
"/media/yong2/nvme1/intelligent-embedded-systems/ros/euslisp-release/lisp"
