nil
nil
nil
"/media/yong2/nvme1/intelligent-embedded-systems/ros/euslisp-release/lisp"
t
nil
nil
t
t
nil
#<package #X55a2c0a208 LISP>
nil
"../../LinuxARM/obj/"
nil
"readmacro.l"
"common.l"
"pprint.l"
"stream.l"
"loader.l"
nil
"eusdebug.l"
"process.l"
"packsym.l"
"object.l"
"string.l"
"array.l"
"hashtab.l"
"eusforeign.l"
nil
"mathtran.l"
"toplevel.l"
"tty.l"
nil
"history.l"
"cyclic.l"
"eushelp.l"
#<package #X55a2d0eff0 GEOMETRY>
"coordinates.l"
#<package #X55a2c0a400 SYSTEM>
"par.l"
#<package #X55a2c0a208 LISP>
"euscomp finished."
"euscomp finished."
t
"/media/yong2/nvme1/intelligent-embedded-systems/ros/euslisp-release/lisp"
"/media/yong2/nvme1/intelligent-embedded-systems/ros/euslisp-release/lisp"
